2020-12-14 10:58:22.779 [main] INFO  com.ex.webapp.DAOs.EmployeeDAOPostgres - Connected to the database.
2020-12-14 10:58:22.785 [main] INFO  com.ex.webapp.DAOs.EmployeeDAOPostgres - Preparing SQL statement...
2020-12-14 10:58:22.792 [main] INFO  com.ex.webapp.DAOs.EmployeeDAOPostgres - Executing SQL statement...
2020-12-14 10:58:22.822 [main] INFO  com.ex.webapp.DAOs.EmployeeDAOPostgres - Statement executed.
2020-12-14 10:58:22.822 [main] INFO  com.ex.webapp.DAOs.EmployeeDAOPostgres - Returning boolean.
2020-12-14 10:58:23.013 [main] INFO  com.ex.webapp.DAOs.EmployeeDAOPostgres - Connected to the database.
2020-12-14 10:58:23.013 [main] INFO  com.ex.webapp.DAOs.EmployeeDAOPostgres - Preparing SQL statement...
2020-12-14 10:58:23.013 [main] INFO  com.ex.webapp.DAOs.EmployeeDAOPostgres - Executing SQL statement...
2020-12-14 10:58:23.032 [main] INFO  com.ex.webapp.DAOs.EmployeeDAOPostgres - Statement executed.
2020-12-14 10:58:23.032 [main] INFO  com.ex.webapp.DAOs.EmployeeDAOPostgres - Collecting employee data...
2020-12-14 10:58:23.032 [main] INFO  com.ex.webapp.DAOs.EmployeeDAOPostgres - Returning Employee object...
2020-12-14 10:58:23.202 [main] INFO  com.ex.webapp.DAOs.EmployeeDAOPostgres - Connected to the database.
2020-12-14 10:58:23.202 [main] INFO  com.ex.webapp.DAOs.EmployeeDAOPostgres - Preparing SQL statement...
2020-12-14 10:58:23.202 [main] INFO  com.ex.webapp.DAOs.EmployeeDAOPostgres - Executing SQL statement...
2020-12-14 10:58:23.228 [main] WARN  com.ex.webapp.DAOs.EmployeeDAOPostgres - ERROR: duplicate key value violates unique constraint "employees_email_key"
  Detail: Key (email)=(jt@awesome.net) already exists.
2020-12-14 10:58:23.228 [main] INFO  com.ex.webapp.DAOs.EmployeeDAOPostgres - Attempting to connect to the database...
2020-12-14 10:58:23.402 [main] INFO  com.ex.webapp.DAOs.EmployeeDAOPostgres - Connected to the database.
2020-12-14 10:58:23.402 [main] INFO  com.ex.webapp.DAOs.EmployeeDAOPostgres - Preparing SQL statement...
2020-12-14 10:58:23.403 [main] INFO  com.ex.webapp.DAOs.EmployeeDAOPostgres - Executing SQL statement...
2020-12-14 10:58:23.421 [main] INFO  com.ex.webapp.DAOs.EmployeeDAOPostgres - Statement executed.
2020-12-14 10:58:23.421 [main] INFO  com.ex.webapp.DAOs.EmployeeDAOPostgres - Collecting employee data...
2020-12-14 10:58:23.421 [main] INFO  com.ex.webapp.DAOs.EmployeeDAOPostgres - Returning employee object...
2020-12-14 10:58:23.422 [main] INFO  com.ex.webapp.DAOs.EmployeeDAOPostgres - Attempting to connect to the database...
2020-12-14 10:58:23.600 [main] INFO  com.ex.webapp.DAOs.EmployeeDAOPostgres - Connected to the database.
2020-12-14 10:58:23.600 [main] INFO  com.ex.webapp.DAOs.EmployeeDAOPostgres - Preparing SQL statement...
2020-12-14 10:58:23.600 [main] INFO  com.ex.webapp.DAOs.EmployeeDAOPostgres - Executing SQL statement...
2020-12-14 10:58:23.617 [main] INFO  com.ex.webapp.DAOs.EmployeeDAOPostgres - Statement executed.
2020-12-14 10:58:23.618 [main] WARN  com.ex.webapp.DAOs.EmployeeDAOPostgres - No employee found with matching email address.
2020-12-14 10:58:23.618 [main] WARN  com.ex.webapp.DAOs.EmployeeDAOPostgres - Returning null Employee object...
2020-12-14 10:58:23.791 [main] INFO  com.ex.webapp.DAOs.EmployeeDAOPostgres - Connected to the database.
2020-12-14 10:58:23.791 [main] INFO  com.ex.webapp.DAOs.EmployeeDAOPostgres - Preparing SQL statement...
2020-12-14 10:58:23.791 [main] INFO  com.ex.webapp.DAOs.EmployeeDAOPostgres - Executing SQL statement...
2020-12-14 10:58:23.809 [main] INFO  com.ex.webapp.DAOs.EmployeeDAOPostgres - Statement executed.
2020-12-14 10:58:23.809 [main] INFO  com.ex.webapp.DAOs.EmployeeDAOPostgres - Returning boolean.
2020-12-14 10:58:23.976 [main] INFO  com.ex.webapp.DAOs.EmployeeDAOPostgres - Connected to the database.
2020-12-14 10:58:23.976 [main] INFO  com.ex.webapp.DAOs.EmployeeDAOPostgres - Preparing SQL statement...
2020-12-14 10:58:23.976 [main] INFO  com.ex.webapp.DAOs.EmployeeDAOPostgres - Executing SQL statement...
2020-12-14 10:58:23.994 [main] INFO  com.ex.webapp.DAOs.EmployeeDAOPostgres - Statement executed.
2020-12-14 10:58:23.994 [main] INFO  com.ex.webapp.DAOs.EmployeeDAOPostgres - Collecting employees...
2020-12-14 10:58:23.995 [main] INFO  com.ex.webapp.DAOs.EmployeeDAOPostgres - Returning list of Employees...
2020-12-14 10:58:23.996 [main] INFO  com.ex.webapp.DAOs.EmployeeDAOPostgres - Attempting to connect to the database...
2020-12-14 10:58:24.172 [main] INFO  com.ex.webapp.DAOs.EmployeeDAOPostgres - Connected to the database.
2020-12-14 10:58:24.172 [main] INFO  com.ex.webapp.DAOs.EmployeeDAOPostgres - Preparing SQL statement...
2020-12-14 10:58:24.172 [main] INFO  com.ex.webapp.DAOs.EmployeeDAOPostgres - Executing SQL statement...
2020-12-14 10:58:24.190 [main] INFO  com.ex.webapp.DAOs.EmployeeDAOPostgres - Statement executed.
2020-12-14 10:58:24.190 [main] INFO  com.ex.webapp.DAOs.EmployeeDAOPostgres - Collecting employee data...
2020-12-14 10:58:24.190 [main] INFO  com.ex.webapp.DAOs.EmployeeDAOPostgres - Returning employee object...
2020-12-14 10:58:24.369 [main] INFO  com.ex.webapp.DAOs.EmployeeDAOPostgres - Connected to the database.
2020-12-14 10:58:24.369 [main] INFO  com.ex.webapp.DAOs.EmployeeDAOPostgres - Preparing SQL statement...
2020-12-14 10:58:24.369 [main] INFO  com.ex.webapp.DAOs.EmployeeDAOPostgres - Executing SQL statement...
2020-12-14 10:58:24.389 [main] INFO  com.ex.webapp.DAOs.EmployeeDAOPostgres - Statement executed.
2020-12-14 10:58:24.568 [main] INFO  com.ex.webapp.DAOs.EmployeeDAOPostgres - Connected to the database.
2020-12-14 10:58:24.568 [main] INFO  com.ex.webapp.DAOs.EmployeeDAOPostgres - Preparing SQL statement...
2020-12-14 10:58:24.568 [main] INFO  com.ex.webapp.DAOs.EmployeeDAOPostgres - Executing SQL statement...
2020-12-14 10:58:24.585 [main] INFO  com.ex.webapp.DAOs.EmployeeDAOPostgres - Statement executed.
2020-12-14 10:58:24.586 [main] INFO  com.ex.webapp.DAOs.EmployeeDAOPostgres - Collecting employee data...
2020-12-14 10:58:24.586 [main] INFO  com.ex.webapp.DAOs.EmployeeDAOPostgres - Returning Employee object...
2020-12-14 10:58:24.767 [main] INFO  com.ex.webapp.DAOs.EmployeeDAOPostgres - Connected to the database.
2020-12-14 10:58:24.767 [main] INFO  com.ex.webapp.DAOs.EmployeeDAOPostgres - Preparing SQL statement...
2020-12-14 10:58:24.767 [main] INFO  com.ex.webapp.DAOs.EmployeeDAOPostgres - Executing SQL statement...
2020-12-14 10:58:24.784 [main] INFO  com.ex.webapp.DAOs.EmployeeDAOPostgres - Statement executed.
2020-12-14 10:58:24.784 [main] WARN  com.ex.webapp.DAOs.EmployeeDAOPostgres - No matching employee found.
2020-12-14 10:58:24.784 [main] WARN  com.ex.webapp.DAOs.EmployeeDAOPostgres - Returning null Employee object...
2020-12-14 10:58:24.960 [main] INFO  com.ex.webapp.DAOs.EmployeeDAOPostgres - Connected to the database.
2020-12-14 10:58:24.960 [main] INFO  com.ex.webapp.DAOs.EmployeeDAOPostgres - Preparing SQL statement...
2020-12-14 10:58:24.960 [main] INFO  com.ex.webapp.DAOs.EmployeeDAOPostgres - Executing SQL statement...
2020-12-14 10:58:24.981 [main] INFO  com.ex.webapp.DAOs.EmployeeDAOPostgres - Statement executed.
2020-12-14 10:58:24.981 [main] INFO  com.ex.webapp.DAOs.EmployeeDAOPostgres - Returning boolean.
2020-12-14 10:58:25.172 [main] INFO  com.ex.webapp.DAOs.EmployeeDAOPostgres - Connected to the database.
2020-12-14 10:58:25.172 [main] INFO  com.ex.webapp.DAOs.EmployeeDAOPostgres - Preparing SQL statement...
2020-12-14 10:58:25.172 [main] INFO  com.ex.webapp.DAOs.EmployeeDAOPostgres - Executing SQL statement...
2020-12-14 10:58:25.191 [main] INFO  com.ex.webapp.DAOs.EmployeeDAOPostgres - Statement executed.
2020-12-14 10:58:25.191 [main] INFO  com.ex.webapp.DAOs.EmployeeDAOPostgres - Collecting employee data...
2020-12-14 10:58:25.191 [main] INFO  com.ex.webapp.DAOs.EmployeeDAOPostgres - Returning Employee object...
2020-12-14 10:58:25.361 [main] INFO  com.ex.webapp.DAOs.RequestDAOPostgres - Connected to the database.
2020-12-14 10:58:25.361 [main] INFO  com.ex.webapp.DAOs.RequestDAOPostgres - Preparing SQL statement...
2020-12-14 10:58:25.362 [main] INFO  com.ex.webapp.DAOs.RequestDAOPostgres - Executing SQL statement...
2020-12-14 10:58:25.384 [main] INFO  com.ex.webapp.DAOs.RequestDAOPostgres - Statement executed.
2020-12-14 10:58:25.545 [main] INFO  com.ex.webapp.DAOs.RequestDAOPostgres - Connected to the database.
2020-12-14 10:58:25.545 [main] INFO  com.ex.webapp.DAOs.RequestDAOPostgres - Preparing SQL statement...
2020-12-14 10:58:25.545 [main] INFO  com.ex.webapp.DAOs.RequestDAOPostgres - Executing SQL statement...
2020-12-14 10:58:25.563 [main] INFO  com.ex.webapp.DAOs.RequestDAOPostgres - Statement executed.
2020-12-14 10:58:25.564 [main] INFO  com.ex.webapp.DAOs.RequestDAOPostgres - Collecting pending requests...
2020-12-14 10:58:25.566 [main] INFO  com.ex.webapp.DAOs.RequestDAOPostgres - A request has been added to the list.
2020-12-14 10:58:25.566 [main] INFO  com.ex.webapp.DAOs.RequestDAOPostgres - Completed request collection.
2020-12-14 10:58:25.566 [main] INFO  com.ex.webapp.DAOs.RequestDAOPostgres - Returning list of requests...
2020-12-14 10:58:25.734 [main] INFO  com.ex.webapp.DAOs.RequestDAOPostgres - Connected to the database.
2020-12-14 10:58:25.734 [main] INFO  com.ex.webapp.DAOs.RequestDAOPostgres - Preparing SQL statement...
2020-12-14 10:58:25.734 [main] INFO  com.ex.webapp.DAOs.RequestDAOPostgres - Executing SQL statement...
2020-12-14 10:58:25.784 [main] INFO  com.ex.webapp.DAOs.RequestDAOPostgres - Statement executed.
2020-12-14 10:58:25.955 [main] INFO  com.ex.webapp.DAOs.RequestDAOPostgres - Connected to the database.
2020-12-14 10:58:25.955 [main] INFO  com.ex.webapp.DAOs.RequestDAOPostgres - Preparing SQL statement...
2020-12-14 10:58:25.955 [main] INFO  com.ex.webapp.DAOs.RequestDAOPostgres - Executing SQL statement...
2020-12-14 10:58:25.974 [main] INFO  com.ex.webapp.DAOs.RequestDAOPostgres - Statement executed.
2020-12-14 10:58:25.975 [main] INFO  com.ex.webapp.DAOs.RequestDAOPostgres - Getting list of pending requests...
2020-12-14 10:58:25.975 [main] INFO  com.ex.webapp.DAOs.RequestDAOPostgres - Completed request collection.
2020-12-14 10:58:25.975 [main] INFO  com.ex.webapp.DAOs.RequestDAOPostgres - Returning list of requests...
2020-12-14 10:58:26.144 [main] INFO  com.ex.webapp.DAOs.RequestDAOPostgres - Connected to the database.
2020-12-14 10:58:26.144 [main] INFO  com.ex.webapp.DAOs.RequestDAOPostgres - Preparing SQL statement...
2020-12-14 10:58:26.144 [main] INFO  com.ex.webapp.DAOs.RequestDAOPostgres - Executing SQL Statement
2020-12-14 10:58:26.164 [main] INFO  com.ex.webapp.DAOs.RequestDAOPostgres - Statement executed.
2020-12-14 10:58:26.165 [main] INFO  com.ex.webapp.DAOs.RequestDAOPostgres - Collecting resolved requests...
2020-12-14 10:58:26.165 [main] INFO  com.ex.webapp.DAOs.RequestDAOPostgres - A request has been added to the list.
2020-12-14 10:58:26.166 [main] INFO  com.ex.webapp.DAOs.RequestDAOPostgres - A request has been added to the list.
2020-12-14 10:58:26.166 [main] INFO  com.ex.webapp.DAOs.RequestDAOPostgres - A request has been added to the list.
2020-12-14 10:58:26.166 [main] INFO  com.ex.webapp.DAOs.RequestDAOPostgres - A request has been added to the list.
2020-12-14 10:58:26.167 [main] INFO  com.ex.webapp.DAOs.RequestDAOPostgres - A request has been added to the list.
2020-12-14 10:58:26.167 [main] INFO  com.ex.webapp.DAOs.RequestDAOPostgres - A request has been added to the list.
2020-12-14 10:58:26.167 [main] INFO  com.ex.webapp.DAOs.RequestDAOPostgres - A request has been added to the list.
2020-12-14 10:58:26.167 [main] INFO  com.ex.webapp.DAOs.RequestDAOPostgres - A request has been added to the list.
2020-12-14 10:58:26.168 [main] INFO  com.ex.webapp.DAOs.RequestDAOPostgres - A request has been added to the list.
2020-12-14 10:58:26.168 [main] INFO  com.ex.webapp.DAOs.RequestDAOPostgres - A request has been added to the list.
2020-12-14 10:58:26.168 [main] INFO  com.ex.webapp.DAOs.RequestDAOPostgres - Completed request collection.
2020-12-14 10:58:26.168 [main] INFO  com.ex.webapp.DAOs.RequestDAOPostgres - Returning list of resolved requests...
2020-12-14 10:58:26.354 [main] INFO  com.ex.webapp.DAOs.EmployeeDAOPostgres - Connected to the database.
2020-12-14 10:58:26.355 [main] INFO  com.ex.webapp.DAOs.EmployeeDAOPostgres - Preparing SQL statement...
2020-12-14 10:58:26.355 [main] INFO  com.ex.webapp.DAOs.EmployeeDAOPostgres - Executing SQL statement...
2020-12-14 10:58:26.373 [main] INFO  com.ex.webapp.DAOs.EmployeeDAOPostgres - Statement executed.
2020-12-14 10:58:26.373 [main] INFO  com.ex.webapp.DAOs.EmployeeDAOPostgres - Collecting employee data...
2020-12-14 10:58:26.374 [main] INFO  com.ex.webapp.DAOs.EmployeeDAOPostgres - Returning Employee object...
2020-12-14 10:58:26.545 [main] INFO  com.ex.webapp.DAOs.RequestDAOPostgres - Connected to the database.
2020-12-14 10:58:26.545 [main] INFO  com.ex.webapp.DAOs.RequestDAOPostgres - Preparing SQL statement...
2020-12-14 10:58:26.545 [main] INFO  com.ex.webapp.DAOs.RequestDAOPostgres - Executing SQL statement...
2020-12-14 10:58:26.564 [main] INFO  com.ex.webapp.DAOs.RequestDAOPostgres - Statement executed.
2020-12-14 10:58:26.733 [main] INFO  com.ex.webapp.DAOs.RequestDAOPostgres - Connected to the database.
2020-12-14 10:58:26.733 [main] INFO  com.ex.webapp.DAOs.RequestDAOPostgres - Preparing SQL statement...
2020-12-14 10:58:26.733 [main] INFO  com.ex.webapp.DAOs.RequestDAOPostgres - Executing SQL statement...
2020-12-14 10:58:26.751 [main] INFO  com.ex.webapp.DAOs.RequestDAOPostgres - Statement executed.
2020-12-14 10:58:26.752 [main] INFO  com.ex.webapp.DAOs.RequestDAOPostgres - Collecting pending requests...
2020-12-14 10:58:26.752 [main] INFO  com.ex.webapp.DAOs.RequestDAOPostgres - A request has been added to the list.
2020-12-14 10:58:26.752 [main] INFO  com.ex.webapp.DAOs.RequestDAOPostgres - Completed request collection.
2020-12-14 10:58:26.752 [main] INFO  com.ex.webapp.DAOs.RequestDAOPostgres - Returning list of requests...
2020-12-14 10:58:26.924 [main] INFO  com.ex.webapp.DAOs.RequestDAOPostgres - Connected to the database.
2020-12-14 10:58:26.924 [main] INFO  com.ex.webapp.DAOs.RequestDAOPostgres - Preparing SQL statement...
2020-12-14 10:58:26.924 [main] INFO  com.ex.webapp.DAOs.RequestDAOPostgres - Executing SQL statement...
2020-12-14 10:58:26.947 [main] INFO  com.ex.webapp.DAOs.RequestDAOPostgres - Statement executed.
2020-12-14 10:58:27.107 [main] INFO  com.ex.webapp.DAOs.RequestDAOPostgres - Connected to the database.
2020-12-14 10:58:27.107 [main] INFO  com.ex.webapp.DAOs.RequestDAOPostgres - Preparing SQL statement...
2020-12-14 10:58:27.107 [main] INFO  com.ex.webapp.DAOs.RequestDAOPostgres - Executing SQL Statement
2020-12-14 10:58:27.127 [main] INFO  com.ex.webapp.DAOs.RequestDAOPostgres - Statement executed.
2020-12-14 10:58:27.128 [main] INFO  com.ex.webapp.DAOs.RequestDAOPostgres - Collecting resolved requests...
2020-12-14 10:58:27.129 [main] INFO  com.ex.webapp.DAOs.RequestDAOPostgres - A request has been added to the list.
2020-12-14 10:58:27.129 [main] INFO  com.ex.webapp.DAOs.RequestDAOPostgres - A request has been added to the list.
2020-12-14 10:58:27.129 [main] INFO  com.ex.webapp.DAOs.RequestDAOPostgres - A request has been added to the list.
2020-12-14 10:58:27.129 [main] INFO  com.ex.webapp.DAOs.RequestDAOPostgres - A request has been added to the list.
2020-12-14 10:58:27.130 [main] INFO  com.ex.webapp.DAOs.RequestDAOPostgres - A request has been added to the list.
2020-12-14 10:58:27.130 [main] INFO  com.ex.webapp.DAOs.RequestDAOPostgres - A request has been added to the list.
2020-12-14 10:58:27.130 [main] INFO  com.ex.webapp.DAOs.RequestDAOPostgres - A request has been added to the list.
2020-12-14 10:58:27.130 [main] INFO  com.ex.webapp.DAOs.RequestDAOPostgres - A request has been added to the list.
2020-12-14 10:58:27.131 [main] INFO  com.ex.webapp.DAOs.RequestDAOPostgres - A request has been added to the list.
2020-12-14 10:58:27.131 [main] INFO  com.ex.webapp.DAOs.RequestDAOPostgres - A request has been added to the list.
2020-12-14 10:58:27.131 [main] INFO  com.ex.webapp.DAOs.RequestDAOPostgres - A request has been added to the list.
2020-12-14 10:58:27.131 [main] INFO  com.ex.webapp.DAOs.RequestDAOPostgres - Completed request collection.
2020-12-14 10:58:27.131 [main] INFO  com.ex.webapp.DAOs.RequestDAOPostgres - Returning list of resolved requests...
2020-12-14 10:58:27.303 [main] INFO  com.ex.webapp.DAOs.RequestDAOPostgres - Connected to the database.
2020-12-14 10:58:27.304 [main] INFO  com.ex.webapp.DAOs.RequestDAOPostgres - Preparing SQL statement...
2020-12-14 10:58:27.304 [main] INFO  com.ex.webapp.DAOs.RequestDAOPostgres - Executing SQL statement...
2020-12-14 10:58:27.323 [main] INFO  com.ex.webapp.DAOs.RequestDAOPostgres - Statement executed.
2020-12-14 10:58:27.324 [main] INFO  com.ex.webapp.DAOs.RequestDAOPostgres - Collecting all reimbursement requests...
2020-12-14 10:58:27.495 [main] INFO  com.ex.webapp.DAOs.EmployeeDAOPostgres - Connected to the database.
2020-12-14 10:58:27.495 [main] INFO  com.ex.webapp.DAOs.EmployeeDAOPostgres - Preparing SQL statement...
2020-12-14 10:58:27.495 [main] INFO  com.ex.webapp.DAOs.EmployeeDAOPostgres - Executing SQL statement...
2020-12-14 10:58:27.513 [main] INFO  com.ex.webapp.DAOs.EmployeeDAOPostgres - Statement executed.
2020-12-14 10:58:27.513 [main] INFO  com.ex.webapp.DAOs.EmployeeDAOPostgres - Collecting employee data...
2020-12-14 10:58:27.513 [main] INFO  com.ex.webapp.DAOs.EmployeeDAOPostgres - Returning Employee object...
2020-12-14 10:58:27.685 [main] INFO  com.ex.webapp.DAOs.EmployeeDAOPostgres - Connected to the database.
2020-12-14 10:58:27.685 [main] INFO  com.ex.webapp.DAOs.EmployeeDAOPostgres - Preparing SQL statement...
2020-12-14 10:58:27.685 [main] INFO  com.ex.webapp.DAOs.EmployeeDAOPostgres - Executing SQL statement...
2020-12-14 10:58:27.703 [main] INFO  com.ex.webapp.DAOs.EmployeeDAOPostgres - Statement executed.
2020-12-14 10:58:27.703 [main] INFO  com.ex.webapp.DAOs.EmployeeDAOPostgres - Collecting employee data...
2020-12-14 10:58:27.703 [main] INFO  com.ex.webapp.DAOs.EmployeeDAOPostgres - Returning Employee object...
2020-12-14 10:58:27.704 [main] INFO  com.ex.webapp.DAOs.RequestDAOPostgres - A request has been added to the list.
2020-12-14 10:58:27.869 [main] INFO  com.ex.webapp.DAOs.EmployeeDAOPostgres - Connected to the database.
2020-12-14 10:58:27.869 [main] INFO  com.ex.webapp.DAOs.EmployeeDAOPostgres - Preparing SQL statement...
2020-12-14 10:58:27.869 [main] INFO  com.ex.webapp.DAOs.EmployeeDAOPostgres - Executing SQL statement...
2020-12-14 10:58:27.887 [main] INFO  com.ex.webapp.DAOs.EmployeeDAOPostgres - Statement executed.
2020-12-14 10:58:27.887 [main] INFO  com.ex.webapp.DAOs.EmployeeDAOPostgres - Collecting employee data...
2020-12-14 10:58:27.887 [main] INFO  com.ex.webapp.DAOs.EmployeeDAOPostgres - Returning Employee object...
2020-12-14 10:58:28.058 [main] INFO  com.ex.webapp.DAOs.EmployeeDAOPostgres - Connected to the database.
2020-12-14 10:58:28.058 [main] INFO  com.ex.webapp.DAOs.EmployeeDAOPostgres - Preparing SQL statement...
2020-12-14 10:58:28.058 [main] INFO  com.ex.webapp.DAOs.EmployeeDAOPostgres - Executing SQL statement...
2020-12-14 10:58:28.077 [main] INFO  com.ex.webapp.DAOs.EmployeeDAOPostgres - Statement executed.
2020-12-14 10:58:28.077 [main] INFO  com.ex.webapp.DAOs.EmployeeDAOPostgres - Collecting employee data...
2020-12-14 10:58:28.077 [main] INFO  com.ex.webapp.DAOs.EmployeeDAOPostgres - Returning Employee object...
2020-12-14 10:58:28.078 [main] INFO  com.ex.webapp.DAOs.RequestDAOPostgres - A request has been added to the list.
2020-12-14 10:58:28.249 [main] INFO  com.ex.webapp.DAOs.EmployeeDAOPostgres - Connected to the database.
2020-12-14 10:58:28.249 [main] INFO  com.ex.webapp.DAOs.EmployeeDAOPostgres - Preparing SQL statement...
2020-12-14 10:58:28.249 [main] INFO  com.ex.webapp.DAOs.EmployeeDAOPostgres - Executing SQL statement...
2020-12-14 10:58:28.268 [main] INFO  com.ex.webapp.DAOs.EmployeeDAOPostgres - Statement executed.
2020-12-14 10:58:28.268 [main] INFO  com.ex.webapp.DAOs.EmployeeDAOPostgres - Collecting employee data...
2020-12-14 10:58:28.268 [main] INFO  com.ex.webapp.DAOs.EmployeeDAOPostgres - Returning Employee object...
2020-12-14 10:58:28.442 [main] INFO  com.ex.webapp.DAOs.EmployeeDAOPostgres - Connected to the database.
2020-12-14 10:58:28.442 [main] INFO  com.ex.webapp.DAOs.EmployeeDAOPostgres - Preparing SQL statement...
2020-12-14 10:58:28.443 [main] INFO  com.ex.webapp.DAOs.EmployeeDAOPostgres - Executing SQL statement...
2020-12-14 10:58:28.460 [main] INFO  com.ex.webapp.DAOs.EmployeeDAOPostgres - Statement executed.
2020-12-14 10:58:28.460 [main] INFO  com.ex.webapp.DAOs.EmployeeDAOPostgres - Collecting employee data...
2020-12-14 10:58:28.460 [main] INFO  com.ex.webapp.DAOs.EmployeeDAOPostgres - Returning Employee object...
2020-12-14 10:58:28.460 [main] INFO  com.ex.webapp.DAOs.RequestDAOPostgres - A request has been added to the list.
2020-12-14 10:58:28.619 [main] INFO  com.ex.webapp.DAOs.EmployeeDAOPostgres - Connected to the database.
2020-12-14 10:58:28.619 [main] INFO  com.ex.webapp.DAOs.EmployeeDAOPostgres - Preparing SQL statement...
2020-12-14 10:58:28.619 [main] INFO  com.ex.webapp.DAOs.EmployeeDAOPostgres - Executing SQL statement...
2020-12-14 10:58:28.637 [main] INFO  com.ex.webapp.DAOs.EmployeeDAOPostgres - Statement executed.
2020-12-14 10:58:28.637 [main] INFO  com.ex.webapp.DAOs.EmployeeDAOPostgres - Collecting employee data...
2020-12-14 10:58:28.637 [main] INFO  com.ex.webapp.DAOs.EmployeeDAOPostgres - Returning Employee object...
2020-12-14 10:58:28.800 [main] INFO  com.ex.webapp.DAOs.EmployeeDAOPostgres - Connected to the database.
2020-12-14 10:58:28.800 [main] INFO  com.ex.webapp.DAOs.EmployeeDAOPostgres - Preparing SQL statement...
2020-12-14 10:58:28.800 [main] INFO  com.ex.webapp.DAOs.EmployeeDAOPostgres - Executing SQL statement...
2020-12-14 10:58:28.821 [main] INFO  com.ex.webapp.DAOs.EmployeeDAOPostgres - Statement executed.
2020-12-14 10:58:28.821 [main] INFO  com.ex.webapp.DAOs.EmployeeDAOPostgres - Collecting employee data...
2020-12-14 10:58:28.821 [main] INFO  com.ex.webapp.DAOs.EmployeeDAOPostgres - Returning Employee object...
2020-12-14 10:58:28.821 [main] INFO  com.ex.webapp.DAOs.RequestDAOPostgres - A request has been added to the list.
2020-12-14 10:58:28.990 [main] INFO  com.ex.webapp.DAOs.EmployeeDAOPostgres - Connected to the database.
2020-12-14 10:58:28.990 [main] INFO  com.ex.webapp.DAOs.EmployeeDAOPostgres - Preparing SQL statement...
2020-12-14 10:58:28.990 [main] INFO  com.ex.webapp.DAOs.EmployeeDAOPostgres - Executing SQL statement...
2020-12-14 10:58:29.007 [main] INFO  com.ex.webapp.DAOs.EmployeeDAOPostgres - Statement executed.
2020-12-14 10:58:29.007 [main] INFO  com.ex.webapp.DAOs.EmployeeDAOPostgres - Collecting employee data...
2020-12-14 10:58:29.007 [main] INFO  com.ex.webapp.DAOs.EmployeeDAOPostgres - Returning Employee object...
2020-12-14 10:58:29.171 [main] INFO  com.ex.webapp.DAOs.EmployeeDAOPostgres - Connected to the database.
2020-12-14 10:58:29.171 [main] INFO  com.ex.webapp.DAOs.EmployeeDAOPostgres - Preparing SQL statement...
2020-12-14 10:58:29.171 [main] INFO  com.ex.webapp.DAOs.EmployeeDAOPostgres - Executing SQL statement...
2020-12-14 10:58:29.189 [main] INFO  com.ex.webapp.DAOs.EmployeeDAOPostgres - Statement executed.
2020-12-14 10:58:29.189 [main] INFO  com.ex.webapp.DAOs.EmployeeDAOPostgres - Collecting employee data...
2020-12-14 10:58:29.189 [main] INFO  com.ex.webapp.DAOs.EmployeeDAOPostgres - Returning Employee object...
2020-12-14 10:58:29.189 [main] INFO  com.ex.webapp.DAOs.RequestDAOPostgres - A request has been added to the list.
2020-12-14 10:58:29.356 [main] INFO  com.ex.webapp.DAOs.EmployeeDAOPostgres - Connected to the database.
2020-12-14 10:58:29.356 [main] INFO  com.ex.webapp.DAOs.EmployeeDAOPostgres - Preparing SQL statement...
2020-12-14 10:58:29.356 [main] INFO  com.ex.webapp.DAOs.EmployeeDAOPostgres - Executing SQL statement...
2020-12-14 10:58:29.373 [main] INFO  com.ex.webapp.DAOs.EmployeeDAOPostgres - Statement executed.
2020-12-14 10:58:29.373 [main] INFO  com.ex.webapp.DAOs.EmployeeDAOPostgres - Collecting employee data...
2020-12-14 10:58:29.373 [main] INFO  com.ex.webapp.DAOs.EmployeeDAOPostgres - Returning Employee object...
2020-12-14 10:58:29.542 [main] INFO  com.ex.webapp.DAOs.EmployeeDAOPostgres - Connected to the database.
2020-12-14 10:58:29.542 [main] INFO  com.ex.webapp.DAOs.EmployeeDAOPostgres - Preparing SQL statement...
2020-12-14 10:58:29.542 [main] INFO  com.ex.webapp.DAOs.EmployeeDAOPostgres - Executing SQL statement...
2020-12-14 10:58:29.559 [main] INFO  com.ex.webapp.DAOs.EmployeeDAOPostgres - Statement executed.
2020-12-14 10:58:29.559 [main] INFO  com.ex.webapp.DAOs.EmployeeDAOPostgres - Collecting employee data...
2020-12-14 10:58:29.559 [main] INFO  com.ex.webapp.DAOs.EmployeeDAOPostgres - Returning Employee object...
2020-12-14 10:58:29.559 [main] INFO  com.ex.webapp.DAOs.RequestDAOPostgres - A request has been added to the list.
2020-12-14 10:58:29.747 [main] INFO  com.ex.webapp.DAOs.EmployeeDAOPostgres - Connected to the database.
2020-12-14 10:58:29.747 [main] INFO  com.ex.webapp.DAOs.EmployeeDAOPostgres - Preparing SQL statement...
2020-12-14 10:58:29.747 [main] INFO  com.ex.webapp.DAOs.EmployeeDAOPostgres - Executing SQL statement...
2020-12-14 10:58:29.765 [main] INFO  com.ex.webapp.DAOs.EmployeeDAOPostgres - Statement executed.
2020-12-14 10:58:29.765 [main] INFO  com.ex.webapp.DAOs.EmployeeDAOPostgres - Collecting employee data...
2020-12-14 10:58:29.765 [main] INFO  com.ex.webapp.DAOs.EmployeeDAOPostgres - Returning Employee object...
2020-12-14 10:58:29.942 [main] INFO  com.ex.webapp.DAOs.EmployeeDAOPostgres - Connected to the database.
2020-12-14 10:58:29.942 [main] INFO  com.ex.webapp.DAOs.EmployeeDAOPostgres - Preparing SQL statement...
2020-12-14 10:58:29.942 [main] INFO  com.ex.webapp.DAOs.EmployeeDAOPostgres - Executing SQL statement...
2020-12-14 10:58:29.959 [main] INFO  com.ex.webapp.DAOs.EmployeeDAOPostgres - Statement executed.
2020-12-14 10:58:29.960 [main] INFO  com.ex.webapp.DAOs.EmployeeDAOPostgres - Collecting employee data...
2020-12-14 10:58:29.960 [main] INFO  com.ex.webapp.DAOs.EmployeeDAOPostgres - Returning Employee object...
2020-12-14 10:58:29.960 [main] INFO  com.ex.webapp.DAOs.RequestDAOPostgres - A request has been added to the list.
2020-12-14 10:58:30.127 [main] INFO  com.ex.webapp.DAOs.EmployeeDAOPostgres - Connected to the database.
2020-12-14 10:58:30.127 [main] INFO  com.ex.webapp.DAOs.EmployeeDAOPostgres - Preparing SQL statement...
2020-12-14 10:58:30.127 [main] INFO  com.ex.webapp.DAOs.EmployeeDAOPostgres - Executing SQL statement...
2020-12-14 10:58:30.144 [main] INFO  com.ex.webapp.DAOs.EmployeeDAOPostgres - Statement executed.
2020-12-14 10:58:30.144 [main] INFO  com.ex.webapp.DAOs.EmployeeDAOPostgres - Collecting employee data...
2020-12-14 10:58:30.144 [main] INFO  com.ex.webapp.DAOs.EmployeeDAOPostgres - Returning Employee object...
2020-12-14 10:58:30.311 [main] INFO  com.ex.webapp.DAOs.EmployeeDAOPostgres - Connected to the database.
2020-12-14 10:58:30.312 [main] INFO  com.ex.webapp.DAOs.EmployeeDAOPostgres - Preparing SQL statement...
2020-12-14 10:58:30.312 [main] INFO  com.ex.webapp.DAOs.EmployeeDAOPostgres - Executing SQL statement...
2020-12-14 10:58:30.329 [main] INFO  com.ex.webapp.DAOs.EmployeeDAOPostgres - Statement executed.
2020-12-14 10:58:30.329 [main] INFO  com.ex.webapp.DAOs.EmployeeDAOPostgres - Collecting employee data...
2020-12-14 10:58:30.329 [main] INFO  com.ex.webapp.DAOs.EmployeeDAOPostgres - Returning Employee object...
2020-12-14 10:58:30.329 [main] INFO  com.ex.webapp.DAOs.RequestDAOPostgres - A request has been added to the list.
2020-12-14 10:58:30.499 [main] INFO  com.ex.webapp.DAOs.EmployeeDAOPostgres - Connected to the database.
2020-12-14 10:58:30.499 [main] INFO  com.ex.webapp.DAOs.EmployeeDAOPostgres - Preparing SQL statement...
2020-12-14 10:58:30.500 [main] INFO  com.ex.webapp.DAOs.EmployeeDAOPostgres - Executing SQL statement...
2020-12-14 10:58:30.518 [main] INFO  com.ex.webapp.DAOs.EmployeeDAOPostgres - Statement executed.
2020-12-14 10:58:30.518 [main] INFO  com.ex.webapp.DAOs.EmployeeDAOPostgres - Collecting employee data...
2020-12-14 10:58:30.518 [main] INFO  com.ex.webapp.DAOs.EmployeeDAOPostgres - Returning Employee object...
2020-12-14 10:58:30.691 [main] INFO  com.ex.webapp.DAOs.EmployeeDAOPostgres - Connected to the database.
2020-12-14 10:58:30.691 [main] INFO  com.ex.webapp.DAOs.EmployeeDAOPostgres - Preparing SQL statement...
2020-12-14 10:58:30.691 [main] INFO  com.ex.webapp.DAOs.EmployeeDAOPostgres - Executing SQL statement...
2020-12-14 10:58:30.710 [main] INFO  com.ex.webapp.DAOs.EmployeeDAOPostgres - Statement executed.
2020-12-14 10:58:30.710 [main] INFO  com.ex.webapp.DAOs.EmployeeDAOPostgres - Collecting employee data...
2020-12-14 10:58:30.710 [main] INFO  com.ex.webapp.DAOs.EmployeeDAOPostgres - Returning Employee object...
2020-12-14 10:58:30.710 [main] INFO  com.ex.webapp.DAOs.RequestDAOPostgres - A request has been added to the list.
2020-12-14 10:58:30.881 [main] INFO  com.ex.webapp.DAOs.EmployeeDAOPostgres - Connected to the database.
2020-12-14 10:58:30.881 [main] INFO  com.ex.webapp.DAOs.EmployeeDAOPostgres - Preparing SQL statement...
2020-12-14 10:58:30.881 [main] INFO  com.ex.webapp.DAOs.EmployeeDAOPostgres - Executing SQL statement...
2020-12-14 10:58:30.901 [main] INFO  com.ex.webapp.DAOs.EmployeeDAOPostgres - Statement executed.
2020-12-14 10:58:30.901 [main] INFO  com.ex.webapp.DAOs.EmployeeDAOPostgres - Collecting employee data...
2020-12-14 10:58:30.901 [main] INFO  com.ex.webapp.DAOs.EmployeeDAOPostgres - Returning Employee object...
2020-12-14 10:58:31.061 [main] INFO  com.ex.webapp.DAOs.EmployeeDAOPostgres - Connected to the database.
2020-12-14 10:58:31.061 [main] INFO  com.ex.webapp.DAOs.EmployeeDAOPostgres - Preparing SQL statement...
2020-12-14 10:58:31.061 [main] INFO  com.ex.webapp.DAOs.EmployeeDAOPostgres - Executing SQL statement...
2020-12-14 10:58:31.078 [main] INFO  com.ex.webapp.DAOs.EmployeeDAOPostgres - Statement executed.
2020-12-14 10:58:31.078 [main] INFO  com.ex.webapp.DAOs.EmployeeDAOPostgres - Collecting employee data...
2020-12-14 10:58:31.078 [main] INFO  com.ex.webapp.DAOs.EmployeeDAOPostgres - Returning Employee object...
2020-12-14 10:58:31.079 [main] INFO  com.ex.webapp.DAOs.RequestDAOPostgres - A request has been added to the list.
2020-12-14 10:58:31.244 [main] INFO  com.ex.webapp.DAOs.EmployeeDAOPostgres - Connected to the database.
2020-12-14 10:58:31.244 [main] INFO  com.ex.webapp.DAOs.EmployeeDAOPostgres - Preparing SQL statement...
2020-12-14 10:58:31.244 [main] INFO  com.ex.webapp.DAOs.EmployeeDAOPostgres - Executing SQL statement...
2020-12-14 10:58:31.261 [main] INFO  com.ex.webapp.DAOs.EmployeeDAOPostgres - Statement executed.
2020-12-14 10:58:31.261 [main] INFO  com.ex.webapp.DAOs.EmployeeDAOPostgres - Collecting employee data...
2020-12-14 10:58:31.261 [main] INFO  com.ex.webapp.DAOs.EmployeeDAOPostgres - Returning Employee object...
2020-12-14 10:58:31.421 [main] INFO  com.ex.webapp.DAOs.EmployeeDAOPostgres - Connected to the database.
2020-12-14 10:58:31.421 [main] INFO  com.ex.webapp.DAOs.EmployeeDAOPostgres - Preparing SQL statement...
2020-12-14 10:58:31.421 [main] INFO  com.ex.webapp.DAOs.EmployeeDAOPostgres - Executing SQL statement...
2020-12-14 10:58:31.438 [main] INFO  com.ex.webapp.DAOs.EmployeeDAOPostgres - Statement executed.
2020-12-14 10:58:31.439 [main] INFO  com.ex.webapp.DAOs.EmployeeDAOPostgres - Collecting employee data...
2020-12-14 10:58:31.439 [main] INFO  com.ex.webapp.DAOs.EmployeeDAOPostgres - Returning Employee object...
2020-12-14 10:58:31.439 [main] INFO  com.ex.webapp.DAOs.RequestDAOPostgres - A request has been added to the list.
2020-12-14 10:58:31.439 [main] INFO  com.ex.webapp.DAOs.RequestDAOPostgres - Completed request collection.
2020-12-14 10:58:31.439 [main] INFO  com.ex.webapp.DAOs.RequestDAOPostgres - Returning list or requests...
2020-12-14 10:58:31.606 [main] INFO  com.ex.webapp.DAOs.EmployeeDAOPostgres - Connected to the database.
2020-12-14 10:58:31.607 [main] INFO  com.ex.webapp.DAOs.EmployeeDAOPostgres - Preparing SQL statement...
2020-12-14 10:58:31.607 [main] INF